<?xml version="1.0" encoding="UTF-8"?>
<!-- Generated by org.testng.reporters.JUnitXMLReporter -->
<testsuite hostname="DESKTOP-VTURH4U" ignored="2" name="Test(failed)" tests="1" failures="0" timestamp="2021-10-05T18:00:06 IST" time="0.077" errors="0">
  <testcase name="deleteCustomer" time="0.014" classname="com.actitime.testscript.CustomerModule"/>
  <testcase name="modifyCustomer" time="0.0" classname="com.actitime.testscript.CustomerModule">
    <ignored/>
  </testcase> <!-- modifyCustomer -->
  <testcase name="createCustomer" time="0.0" classname="com.actitime.testscript.CustomerModule">
    <ignored/>
  </testcase> <!-- createCustomer -->
</testsuite> <!-- Test(failed) -->
