<?xml version="1.0" encoding="UTF-8"?>
<!-- Generated by org.testng.reporters.JUnitXMLReporter -->
<testsuite hostname="DESKTOP-VTURH4U" ignored="2" name="Test" tests="1" failures="0" timestamp="2021-10-11T17:50:09 IST" time="0.097" errors="0">
  <testcase name="createCustomer" time="0.017" classname="com.actitime.testscript.CustomerModuleRegionalRegTesting"/>
  <testcase name="modifyCustomer" time="0.0" classname="com.actitime.testscript.CustomerModuleRegionalRegTesting">
    <ignored/>
  </testcase> <!-- modifyCustomer -->
  <testcase name="deleteCustomer" time="0.0" classname="com.actitime.testscript.CustomerModuleRegionalRegTesting">
    <ignored/>
  </testcase> <!-- deleteCustomer -->
</testsuite> <!-- Test -->
