<?xml version="1.0" encoding="UTF-8"?>
<testng-results skipped="0" failed="0" ignored="0" total="1" passed="1">
  <reporter-output>
  </reporter-output>
  <suite name="Default suite" duration-ms="25500" started-at="2021-10-14T18:36:38 IST" finished-at="2021-10-14T18:37:03 IST">
    <groups>
    </groups>
    <test name="Default test" duration-ms="25500" started-at="2021-10-14T18:36:38 IST" finished-at="2021-10-14T18:37:03 IST">
      <class name="qsp.TestClassPOM">
        <test-method status="PASS" signature="validLogin()[pri:0, instance:qsp.TestClassPOM@3712b94]" name="validLogin" duration-ms="25442" started-at="2021-10-14T18:36:38 IST" finished-at="2021-10-14T18:37:03 IST">
          <reporter-output>
          </reporter-output>
        </test-method> <!-- validLogin -->
      </class> <!-- qsp.TestClassPOM -->
    </test> <!-- Default test -->
  </suite> <!-- Default suite -->
</testng-results>
